<?xml version="1.0" encoding="UTF-8"?>
<testsuite name="org.hyperledger.fabric.samples.assettransfer.AssetTransferTest$DuplicateAssetTransaction" tests="2" skipped="0" failures="0" errors="0" timestamp="2022-04-20T12:35:33" hostname="vihan-VivoBook-ASUSLaptop-X521EQ-S533EQ" time="0.008">
  <properties/>
  <testcase name="whenAssetExists()" classname="org.hyperledger.fabric.samples.assettransfer.AssetTransferTest$DuplicateAssetTransaction" time="0.004"/>
  <testcase name="whenAssetDoesNotExist()" classname="org.hyperledger.fabric.samples.assettransfer.AssetTransferTest$DuplicateAssetTransaction" time="0.003"/>
  <system-out><![CDATA[Asset asset1 does not exist
]]></system-out>
  <system-err><![CDATA[]]></system-err>
</testsuite>
